

Microchip MPLAB XC8 Assembler V2.32 build 20210201212658 
                                                                                               Sat Nov 13 15:40:33 2021

Microchip MPLAB XC8 C Compiler v2.32 (Free license) build 20210201212658 Og1 
     1                           	processor	16F1824
     2                           	pagewidth 120
     3                           	opt	flic
     4                           	psect	cinit,global,class=CODE,merge=1,delta=2
     5                           	psect	cstackCOMMON,global,class=COMMON,space=1,delta=1,noexec
     6                           	psect	maintext,global,class=CODE,merge=1,split=1,delta=2
     7                           	psect	text1,local,class=CODE,merge=1,delta=2
     8                           	psect	text2,local,class=CODE,merge=1,delta=2
     9                           	psect	text3,local,class=CODE,merge=1,delta=2
    10                           	psect	config,global,abs,ovrld,class=CONFIG,space=4,delta=2,noexec
    11                           	dabs	1,0x7E,2
    12  0000                     
    13                           ; Version 2.20
    14                           ; Generated 12/02/2020 GMT
    15                           ; 
    16                           ; Copyright © 2020, Microchip Technology Inc. and its subsidiaries ("Microchip")
    17                           ; All rights reserved.
    18                           ; 
    19                           ; This software is developed by Microchip Technology Inc. and its subsidiaries ("Microch
      +                          ip").
    20                           ; 
    21                           ; Redistribution and use in source and binary forms, with or without modification, are
    22                           ; permitted provided that the following conditions are met:
    23                           ; 
    24                           ;     1. Redistributions of source code must retain the above copyright notice, this lis
      +                          t of
    25                           ;        conditions and the following disclaimer.
    26                           ; 
    27                           ;     2. Redistributions in binary form must reproduce the above copyright notice, this 
      +                          list
    28                           ;        of conditions and the following disclaimer in the documentation and/or other
    29                           ;        materials provided with the distribution.
    30                           ; 
    31                           ;     3. Microchip's name may not be used to endorse or promote products derived from th
      +                          is
    32                           ;        software without specific prior written permission.
    33                           ; 
    34                           ; THIS SOFTWARE IS PROVIDED BY MICROCHIP "AS IS" AND ANY EXPRESS OR IMPLIED WARRANTIES,
    35                           ; INCLUDING, BUT NOT LIMITED TO, THE IMPLIED WARRANTIES OF MERCHANTABILITY AND FITNESS F
      +                          OR
    36                           ; PURPOSE ARE DISCLAIMED.  IN NO EVENT SHALL MICROCHIP BE LIABLE FOR ANY DIRECT, INDIREC
      +                          T,
    37                           ; INCIDENTAL, SPECIAL, EXEMPLARY, OR CONSEQUENTIAL DAMAGES (INCLUDING BUT NOT LIMITED TO
    38                           ; PROCUREMENT OF SUBSTITUTE GOODS OR SERVICES; LOSS OF USE, DATA OR PROFITS; OR BUSINESS
    39                           ; INTERRUPTION) HOWSOEVER CAUSED AND ON ANY THEORY OF LIABILITY, WHETHER IN CONTRACT, ST
      +                          RICT
    40                           ; LIABILITY, OR TORT (INCLUDING NEGLIGENCE OR OTHERWISE) ARISING IN ANY WAY OUT OF THE U
      +                          SE OF
    41                           ; THIS SOFTWARE, EVEN IF ADVISED OF THE POSSIBILITY OF SUCH DAMAGE.
    42                           ; 
    43                           ; 
    44                           ; Code-generator required, PIC16F1824 Definitions
    45                           ; 
    46                           ; SFR Addresses
    47  0000                     	;# 
    48  0001                     	;# 
    49  0002                     	;# 
    50  0003                     	;# 
    51  0004                     	;# 
    52  0005                     	;# 
    53  0006                     	;# 
    54  0007                     	;# 
    55  0008                     	;# 
    56  0009                     	;# 
    57  000A                     	;# 
    58  000B                     	;# 
    59  000C                     	;# 
    60  000E                     	;# 
    61  0011                     	;# 
    62  0012                     	;# 
    63  0013                     	;# 
    64  0015                     	;# 
    65  0016                     	;# 
    66  0016                     	;# 
    67  0017                     	;# 
    68  0018                     	;# 
    69  0019                     	;# 
    70  001A                     	;# 
    71  001B                     	;# 
    72  001C                     	;# 
    73  001E                     	;# 
    74  001F                     	;# 
    75  008C                     	;# 
    76  008E                     	;# 
    77  0091                     	;# 
    78  0092                     	;# 
    79  0093                     	;# 
    80  0095                     	;# 
    81  0096                     	;# 
    82  0097                     	;# 
    83  0098                     	;# 
    84  0099                     	;# 
    85  009A                     	;# 
    86  009B                     	;# 
    87  009B                     	;# 
    88  009C                     	;# 
    89  009D                     	;# 
    90  009E                     	;# 
    91  010C                     	;# 
    92  010E                     	;# 
    93  0111                     	;# 
    94  0112                     	;# 
    95  0113                     	;# 
    96  0114                     	;# 
    97  0115                     	;# 
    98  0116                     	;# 
    99  0117                     	;# 
   100  0118                     	;# 
   101  0119                     	;# 
   102  011A                     	;# 
   103  011B                     	;# 
   104  011D                     	;# 
   105  011E                     	;# 
   106  018C                     	;# 
   107  018E                     	;# 
   108  0191                     	;# 
   109  0191                     	;# 
   110  0192                     	;# 
   111  0193                     	;# 
   112  0193                     	;# 
   113  0193                     	;# 
   114  0194                     	;# 
   115  0195                     	;# 
   116  0196                     	;# 
   117  0199                     	;# 
   118  019A                     	;# 
   119  019B                     	;# 
   120  019B                     	;# 
   121  019B                     	;# 
   122  019B                     	;# 
   123  019C                     	;# 
   124  019C                     	;# 
   125  019D                     	;# 
   126  019E                     	;# 
   127  019F                     	;# 
   128  020C                     	;# 
   129  020E                     	;# 
   130  0211                     	;# 
   131  0211                     	;# 
   132  0212                     	;# 
   133  0212                     	;# 
   134  0213                     	;# 
   135  0213                     	;# 
   136  0214                     	;# 
   137  0214                     	;# 
   138  0215                     	;# 
   139  0215                     	;# 
   140  0215                     	;# 
   141  0215                     	;# 
   142  0216                     	;# 
   143  0216                     	;# 
   144  0217                     	;# 
   145  0217                     	;# 
   146  0291                     	;# 
   147  0291                     	;# 
   148  0292                     	;# 
   149  0293                     	;# 
   150  0294                     	;# 
   151  0295                     	;# 
   152  0295                     	;# 
   153  0296                     	;# 
   154  0298                     	;# 
   155  0298                     	;# 
   156  0299                     	;# 
   157  029A                     	;# 
   158  029B                     	;# 
   159  029C                     	;# 
   160  029D                     	;# 
   161  029E                     	;# 
   162  029E                     	;# 
   163  0311                     	;# 
   164  0311                     	;# 
   165  0312                     	;# 
   166  0313                     	;# 
   167  0318                     	;# 
   168  0318                     	;# 
   169  0319                     	;# 
   170  031A                     	;# 
   171  038C                     	;# 
   172  038E                     	;# 
   173  0391                     	;# 
   174  0392                     	;# 
   175  0393                     	;# 
   176  039A                     	;# 
   177  039C                     	;# 
   178  039D                     	;# 
   179  039E                     	;# 
   180  039F                     	;# 
   181  0415                     	;# 
   182  0416                     	;# 
   183  0417                     	;# 
   184  041C                     	;# 
   185  041D                     	;# 
   186  041E                     	;# 
   187  0FE4                     	;# 
   188  0FE5                     	;# 
   189  0FE6                     	;# 
   190  0FE7                     	;# 
   191  0FE8                     	;# 
   192  0FE9                     	;# 
   193  0FEA                     	;# 
   194  0FEB                     	;# 
   195  0FED                     	;# 
   196  0FEE                     	;# 
   197  0FEF                     	;# 
   198  0000                     	;# 
   199  0001                     	;# 
   200  0002                     	;# 
   201  0003                     	;# 
   202  0004                     	;# 
   203  0005                     	;# 
   204  0006                     	;# 
   205  0007                     	;# 
   206  0008                     	;# 
   207  0009                     	;# 
   208  000A                     	;# 
   209  000B                     	;# 
   210  000C                     	;# 
   211  000E                     	;# 
   212  0011                     	;# 
   213  0012                     	;# 
   214  0013                     	;# 
   215  0015                     	;# 
   216  0016                     	;# 
   217  0016                     	;# 
   218  0017                     	;# 
   219  0018                     	;# 
   220  0019                     	;# 
   221  001A                     	;# 
   222  001B                     	;# 
   223  001C                     	;# 
   224  001E                     	;# 
   225  001F                     	;# 
   226  008C                     	;# 
   227  008E                     	;# 
   228  0091                     	;# 
   229  0092                     	;# 
   230  0093                     	;# 
   231  0095                     	;# 
   232  0096                     	;# 
   233  0097                     	;# 
   234  0098                     	;# 
   235  0099                     	;# 
   236  009A                     	;# 
   237  009B                     	;# 
   238  009B                     	;# 
   239  009C                     	;# 
   240  009D                     	;# 
   241  009E                     	;# 
   242  010C                     	;# 
   243  010E                     	;# 
   244  0111                     	;# 
   245  0112                     	;# 
   246  0113                     	;# 
   247  0114                     	;# 
   248  0115                     	;# 
   249  0116                     	;# 
   250  0117                     	;# 
   251  0118                     	;# 
   252  0119                     	;# 
   253  011A                     	;# 
   254  011B                     	;# 
   255  011D                     	;# 
   256  011E                     	;# 
   257  018C                     	;# 
   258  018E                     	;# 
   259  0191                     	;# 
   260  0191                     	;# 
   261  0192                     	;# 
   262  0193                     	;# 
   263  0193                     	;# 
   264  0193                     	;# 
   265  0194                     	;# 
   266  0195                     	;# 
   267  0196                     	;# 
   268  0199                     	;# 
   269  019A                     	;# 
   270  019B                     	;# 
   271  019B                     	;# 
   272  019B                     	;# 
   273  019B                     	;# 
   274  019C                     	;# 
   275  019C                     	;# 
   276  019D                     	;# 
   277  019E                     	;# 
   278  019F                     	;# 
   279  020C                     	;# 
   280  020E                     	;# 
   281  0211                     	;# 
   282  0211                     	;# 
   283  0212                     	;# 
   284  0212                     	;# 
   285  0213                     	;# 
   286  0213                     	;# 
   287  0214                     	;# 
   288  0214                     	;# 
   289  0215                     	;# 
   290  0215                     	;# 
   291  0215                     	;# 
   292  0215                     	;# 
   293  0216                     	;# 
   294  0216                     	;# 
   295  0217                     	;# 
   296  0217                     	;# 
   297  0291                     	;# 
   298  0291                     	;# 
   299  0292                     	;# 
   300  0293                     	;# 
   301  0294                     	;# 
   302  0295                     	;# 
   303  0295                     	;# 
   304  0296                     	;# 
   305  0298                     	;# 
   306  0298                     	;# 
   307  0299                     	;# 
   308  029A                     	;# 
   309  029B                     	;# 
   310  029C                     	;# 
   311  029D                     	;# 
   312  029E                     	;# 
   313  029E                     	;# 
   314  0311                     	;# 
   315  0311                     	;# 
   316  0312                     	;# 
   317  0313                     	;# 
   318  0318                     	;# 
   319  0318                     	;# 
   320  0319                     	;# 
   321  031A                     	;# 
   322  038C                     	;# 
   323  038E                     	;# 
   324  0391                     	;# 
   325  0392                     	;# 
   326  0393                     	;# 
   327  039A                     	;# 
   328  039C                     	;# 
   329  039D                     	;# 
   330  039E                     	;# 
   331  039F                     	;# 
   332  0415                     	;# 
   333  0416                     	;# 
   334  0417                     	;# 
   335  041C                     	;# 
   336  041D                     	;# 
   337  041E                     	;# 
   338  0FE4                     	;# 
   339  0FE5                     	;# 
   340  0FE6                     	;# 
   341  0FE7                     	;# 
   342  0FE8                     	;# 
   343  0FE9                     	;# 
   344  0FEA                     	;# 
   345  0FEB                     	;# 
   346  0FED                     	;# 
   347  0FEE                     	;# 
   348  0FEF                     	;# 
   349  0000                     	;# 
   350  0001                     	;# 
   351  0002                     	;# 
   352  0003                     	;# 
   353  0004                     	;# 
   354  0005                     	;# 
   355  0006                     	;# 
   356  0007                     	;# 
   357  0008                     	;# 
   358  0009                     	;# 
   359  000A                     	;# 
   360  000B                     	;# 
   361  000C                     	;# 
   362  000E                     	;# 
   363  0011                     	;# 
   364  0012                     	;# 
   365  0013                     	;# 
   366  0015                     	;# 
   367  0016                     	;# 
   368  0016                     	;# 
   369  0017                     	;# 
   370  0018                     	;# 
   371  0019                     	;# 
   372  001A                     	;# 
   373  001B                     	;# 
   374  001C                     	;# 
   375  001E                     	;# 
   376  001F                     	;# 
   377  008C                     	;# 
   378  008E                     	;# 
   379  0091                     	;# 
   380  0092                     	;# 
   381  0093                     	;# 
   382  0095                     	;# 
   383  0096                     	;# 
   384  0097                     	;# 
   385  0098                     	;# 
   386  0099                     	;# 
   387  009A                     	;# 
   388  009B                     	;# 
   389  009B                     	;# 
   390  009C                     	;# 
   391  009D                     	;# 
   392  009E                     	;# 
   393  010C                     	;# 
   394  010E                     	;# 
   395  0111                     	;# 
   396  0112                     	;# 
   397  0113                     	;# 
   398  0114                     	;# 
   399  0115                     	;# 
   400  0116                     	;# 
   401  0117                     	;# 
   402  0118                     	;# 
   403  0119                     	;# 
   404  011A                     	;# 
   405  011B                     	;# 
   406  011D                     	;# 
   407  011E                     	;# 
   408  018C                     	;# 
   409  018E                     	;# 
   410  0191                     	;# 
   411  0191                     	;# 
   412  0192                     	;# 
   413  0193                     	;# 
   414  0193                     	;# 
   415  0193                     	;# 
   416  0194                     	;# 
   417  0195                     	;# 
   418  0196                     	;# 
   419  0199                     	;# 
   420  019A                     	;# 
   421  019B                     	;# 
   422  019B                     	;# 
   423  019B                     	;# 
   424  019B                     	;# 
   425  019C                     	;# 
   426  019C                     	;# 
   427  019D                     	;# 
   428  019E                     	;# 
   429  019F                     	;# 
   430  020C                     	;# 
   431  020E                     	;# 
   432  0211                     	;# 
   433  0211                     	;# 
   434  0212                     	;# 
   435  0212                     	;# 
   436  0213                     	;# 
   437  0213                     	;# 
   438  0214                     	;# 
   439  0214                     	;# 
   440  0215                     	;# 
   441  0215                     	;# 
   442  0215                     	;# 
   443  0215                     	;# 
   444  0216                     	;# 
   445  0216                     	;# 
   446  0217                     	;# 
   447  0217                     	;# 
   448  0291                     	;# 
   449  0291                     	;# 
   450  0292                     	;# 
   451  0293                     	;# 
   452  0294                     	;# 
   453  0295                     	;# 
   454  0295                     	;# 
   455  0296                     	;# 
   456  0298                     	;# 
   457  0298                     	;# 
   458  0299                     	;# 
   459  029A                     	;# 
   460  029B                     	;# 
   461  029C                     	;# 
   462  029D                     	;# 
   463  029E                     	;# 
   464  029E                     	;# 
   465  0311                     	;# 
   466  0311                     	;# 
   467  0312                     	;# 
   468  0313                     	;# 
   469  0318                     	;# 
   470  0318                     	;# 
   471  0319                     	;# 
   472  031A                     	;# 
   473  038C                     	;# 
   474  038E                     	;# 
   475  0391                     	;# 
   476  0392                     	;# 
   477  0393                     	;# 
   478  039A                     	;# 
   479  039C                     	;# 
   480  039D                     	;# 
   481  039E                     	;# 
   482  039F                     	;# 
   483  0415                     	;# 
   484  0416                     	;# 
   485  0417                     	;# 
   486  041C                     	;# 
   487  041D                     	;# 
   488  041E                     	;# 
   489  0FE4                     	;# 
   490  0FE5                     	;# 
   491  0FE6                     	;# 
   492  0FE7                     	;# 
   493  0FE8                     	;# 
   494  0FE9                     	;# 
   495  0FEA                     	;# 
   496  0FEB                     	;# 
   497  0FED                     	;# 
   498  0FEE                     	;# 
   499  0FEF                     	;# 
   500  0095                     _OPTION_REGbits	set	149
   501  008C                     _TRISA	set	140
   502  0097                     _WDTCON	set	151
   503  009A                     _OSCSTATbits	set	154
   504  0098                     _OSCTUNE	set	152
   505  0099                     _OSCCON	set	153
   506  011E                     _APFCON1	set	286
   507  011D                     _APFCON0	set	285
   508  010C                     _LATA	set	268
   509  0116                     _BORCON	set	278
   510  018C                     _ANSELA	set	396
   511  020C                     _WPUA	set	524
   512                           
   513                           	psect	cinit
   514  07FD                     start_initialization:	
   515                           ; #config settings
   516                           
   517  07FD                     __initialization:
   518  07FD                     end_of_initialization:	
   519                           ;End of C runtime variable initialization code
   520                           
   521  07FD                     __end_of__initialization:
   522  07FD  0020               	movlb	0
   523  07FE  3187  2FAA         	ljmp	_main	;jump to C main() function
   524                           
   525                           	psect	cstackCOMMON
   526  0070                     __pcstackCOMMON:
   527  0070                     ?_OSC_INIT:
   528  0070                     ??_OSC_INIT:	
   529                           ; 1 bytes @ 0x0
   530                           
   531  0070                     ?_PIN_CONF:	
   532                           ; 1 bytes @ 0x0
   533                           
   534  0070                     ??_PIN_CONF:	
   535                           ; 1 bytes @ 0x0
   536                           
   537  0070                     ?_LED_cout:	
   538                           ; 1 bytes @ 0x0
   539                           
   540  0070                     ??_LED_cout:	
   541                           ; 1 bytes @ 0x0
   542                           
   543  0070                     ?_main:	
   544                           ; 1 bytes @ 0x0
   545                           
   546                           
   547                           ; 1 bytes @ 0x0
   548  0070                     	ds	2
   549  0072                     LED_cout@i:
   550                           
   551                           ; 1 bytes @ 0x2
   552  0072                     	ds	1
   553  0073                     ??_main:
   554                           
   555                           	psect	maintext
   556  07AA                     __pmaintext:	
   557                           ; 1 bytes @ 0x3
   558 ;;
   559 ;;Main: autosize = 0, tempsize = 0, incstack = 0, save=0
   560 ;;
   561 ;; *************** function _main *****************
   562 ;; Defined at:
   563 ;;		line 3 in file "newmain.c"
   564 ;; Parameters:    Size  Location     Type
   565 ;;		None
   566 ;; Auto vars:     Size  Location     Type
   567 ;;		None
   568 ;; Return value:  Size  Location     Type
   569 ;;                  1    wreg      void 
   570 ;; Registers used:
   571 ;;		wreg, status,2, status,0, pclath, cstack
   572 ;; Tracked objects:
   573 ;;		On entry : B1F/0
   574 ;;		On exit  : 0/0
   575 ;;		Unchanged: 0/0
   576 ;; Data sizes:     COMMON   BANK0   BANK1   BANK2
   577 ;;      Params:         0       0       0       0
   578 ;;      Locals:         0       0       0       0
   579 ;;      Temps:          0       0       0       0
   580 ;;      Totals:         0       0       0       0
   581 ;;Total ram usage:        0 bytes
   582 ;; Hardware stack levels required when called: 1
   583 ;; This function calls:
   584 ;;		_LED_cout
   585 ;;		_OSC_INIT
   586 ;;		_PIN_CONF
   587 ;; This function is called by:
   588 ;;		Startup code after reset
   589 ;; This function uses a non-reentrant model
   590 ;;
   591                           
   592                           
   593                           ;psect for function _main
   594  07AA                     _main:
   595  07AA                     l701:	
   596                           ;incstack = 0
   597                           ; Regs used in _main: [wreg+status,2+status,0+pclath+cstack]
   598                           
   599                           
   600                           ;newmain.c: 5:     OSC_INIT();
   601  07AA  3187  27B6  3187   	fcall	_OSC_INIT
   602                           
   603                           ;newmain.c: 6:     PIN_CONF();
   604  07AD  3187  27C5  3187   	fcall	_PIN_CONF
   605  07B0                     l11:	
   606                           ;newmain.c: 8:     while(1){
   607                           
   608                           
   609                           ;newmain.c: 10:         LED_cout();
   610  07B0  3187  27DC  3187   	fcall	_LED_cout
   611  07B3  2FB0               	goto	l11
   612  07B4  3180  2802         	ljmp	start
   613  07B6                     __end_of_main:
   614                           
   615                           	psect	text1
   616  07C5                     __ptext1:	
   617 ;; *************** function _PIN_CONF *****************
   618 ;; Defined at:
   619 ;;		line 27 in file "oscConfig.c"
   620 ;; Parameters:    Size  Location     Type
   621 ;;		None
   622 ;; Auto vars:     Size  Location     Type
   623 ;;		None
   624 ;; Return value:  Size  Location     Type
   625 ;;                  1    wreg      void 
   626 ;; Registers used:
   627 ;;		wreg, status,2, status,0
   628 ;; Tracked objects:
   629 ;;		On entry : 0/0
   630 ;;		On exit  : 0/0
   631 ;;		Unchanged: 0/0
   632 ;; Data sizes:     COMMON   BANK0   BANK1   BANK2
   633 ;;      Params:         0       0       0       0
   634 ;;      Locals:         0       0       0       0
   635 ;;      Temps:          1       0       0       0
   636 ;;      Totals:         1       0       0       0
   637 ;;Total ram usage:        1 bytes
   638 ;; Hardware stack levels used: 1
   639 ;; This function calls:
   640 ;;		Nothing
   641 ;; This function is called by:
   642 ;;		_main
   643 ;; This function uses a non-reentrant model
   644 ;;
   645                           
   646                           
   647                           ;psect for function _PIN_CONF
   648  07C5                     _PIN_CONF:
   649  07C5                     l679:	
   650                           ;incstack = 0
   651                           ; Regs used in _PIN_CONF: [wreg+status,2+status,0]
   652                           
   653                           
   654                           ;oscConfig.c: 31:     LATA &= ~(7 << 0);
   655  07C5  30F8               	movlw	248
   656  07C6  00F0               	movwf	??_PIN_CONF
   657  07C7  0870               	movf	??_PIN_CONF,w
   658  07C8  0022               	movlb	2	; select bank2
   659  07C9  058C               	andwf	12,f	;volatile
   660                           
   661                           ;oscConfig.c: 32:     TRISA &= ~(7 << 0);
   662  07CA  30F8               	movlw	248
   663  07CB  00F0               	movwf	??_PIN_CONF
   664  07CC  0870               	movf	??_PIN_CONF,w
   665  07CD  0021               	movlb	1	; select bank1
   666  07CE  058C               	andwf	12,f	;volatile
   667                           
   668                           ;oscConfig.c: 33:     ANSELA |= (7 << 0);;
   669  07CF  3007               	movlw	7
   670  07D0  00F0               	movwf	??_PIN_CONF
   671  07D1  0870               	movf	??_PIN_CONF,w
   672  07D2  0023               	movlb	3	; select bank3
   673  07D3  048C               	iorwf	12,f	;volatile
   674  07D4                     l681:
   675                           
   676                           ;oscConfig.c: 34:     WPUA &= (0x00);
   677  07D4  0024               	movlb	4	; select bank4
   678  07D5  018C               	clrf	12	;volatile
   679  07D6                     l683:
   680                           
   681                           ;oscConfig.c: 35:     OPTION_REGbits.nWPUEN = 1;
   682  07D6  0021               	movlb	1	; select bank1
   683  07D7  1795               	bsf	21,7	;volatile
   684  07D8                     l685:
   685                           
   686                           ;oscConfig.c: 41:     APFCON0 &= (0x00);
   687  07D8  0022               	movlb	2	; select bank2
   688  07D9  019D               	clrf	29	;volatile
   689  07DA                     l687:
   690                           
   691                           ;oscConfig.c: 42:     APFCON1 &= (0x00);
   692  07DA  019E               	clrf	30	;volatile
   693  07DB                     l52:
   694  07DB  0008               	return
   695  07DC                     __end_of_PIN_CONF:
   696                           
   697                           	psect	text2
   698  07B6                     __ptext2:	
   699 ;; *************** function _OSC_INIT *****************
   700 ;; Defined at:
   701 ;;		line 3 in file "oscConfig.c"
   702 ;; Parameters:    Size  Location     Type
   703 ;;		None
   704 ;; Auto vars:     Size  Location     Type
   705 ;;		None
   706 ;; Return value:  Size  Location     Type
   707 ;;                  1    wreg      void 
   708 ;; Registers used:
   709 ;;		wreg, status,2, status,0
   710 ;; Tracked objects:
   711 ;;		On entry : 0/0
   712 ;;		On exit  : 0/0
   713 ;;		Unchanged: 0/0
   714 ;; Data sizes:     COMMON   BANK0   BANK1   BANK2
   715 ;;      Params:         0       0       0       0
   716 ;;      Locals:         0       0       0       0
   717 ;;      Temps:          1       0       0       0
   718 ;;      Totals:         1       0       0       0
   719 ;;Total ram usage:        1 bytes
   720 ;; Hardware stack levels used: 1
   721 ;; This function calls:
   722 ;;		Nothing
   723 ;; This function is called by:
   724 ;;		_main
   725 ;; This function uses a non-reentrant model
   726 ;;
   727                           
   728                           
   729                           ;psect for function _OSC_INIT
   730  07B6                     _OSC_INIT:
   731  07B6                     l671:	
   732                           ;incstack = 0
   733                           ; Regs used in _OSC_INIT: [wreg+status,2+status,0]
   734                           
   735                           
   736                           ;oscConfig.c: 9:     OSCCON &= 0x00;
   737  07B6  0021               	movlb	1	; select bank1
   738  07B7  0199               	clrf	25	;volatile
   739  07B8                     l673:
   740                           
   741                           ;oscConfig.c: 10:     OSCCON |= (7 << 4);
   742  07B8  3070               	movlw	112
   743  07B9  00F0               	movwf	??_OSC_INIT
   744  07BA  0870               	movf	??_OSC_INIT,w
   745  07BB  0499               	iorwf	25,f	;volatile
   746  07BC                     l675:
   747                           
   748                           ;oscConfig.c: 16:     OSCTUNE = 0x00;
   749  07BC  0198               	clrf	24	;volatile
   750  07BD                     l677:
   751                           
   752                           ;oscConfig.c: 17:     BORCON = 0x00;
   753  07BD  0022               	movlb	2	; select bank2
   754  07BE  0196               	clrf	22	;volatile
   755  07BF                     l43:	
   756                           ;oscConfig.c: 19:     while(!OSCSTATbits.PLLR);
   757                           
   758  07BF  0021               	movlb	1	; select bank1
   759  07C0  1F1A               	btfss	26,6	;volatile
   760  07C1  2FC3               	goto	u11
   761  07C2  2FC4               	goto	u10
   762  07C3                     u11:
   763  07C3  2FBF               	goto	l43
   764  07C4                     u10:
   765  07C4                     l46:
   766  07C4  0008               	return
   767  07C5                     __end_of_OSC_INIT:
   768                           
   769                           	psect	text3
   770  07DC                     __ptext3:	
   771 ;; *************** function _LED_cout *****************
   772 ;; Defined at:
   773 ;;		line 57 in file "oscConfig.c"
   774 ;; Parameters:    Size  Location     Type
   775 ;;		None
   776 ;; Auto vars:     Size  Location     Type
   777 ;;  i               1    2[COMMON] unsigned char 
   778 ;; Return value:  Size  Location     Type
   779 ;;                  1    wreg      void 
   780 ;; Registers used:
   781 ;;		wreg, status,2, status,0
   782 ;; Tracked objects:
   783 ;;		On entry : 0/0
   784 ;;		On exit  : 0/0
   785 ;;		Unchanged: 0/0
   786 ;; Data sizes:     COMMON   BANK0   BANK1   BANK2
   787 ;;      Params:         0       0       0       0
   788 ;;      Locals:         1       0       0       0
   789 ;;      Temps:          2       0       0       0
   790 ;;      Totals:         3       0       0       0
   791 ;;Total ram usage:        3 bytes
   792 ;; Hardware stack levels used: 1
   793 ;; This function calls:
   794 ;;		Nothing
   795 ;; This function is called by:
   796 ;;		_main
   797 ;; This function uses a non-reentrant model
   798 ;;
   799                           
   800                           
   801                           ;psect for function _LED_cout
   802  07DC                     _LED_cout:
   803  07DC                     l689:	
   804                           ;incstack = 0
   805                           ; Regs used in _LED_cout: [wreg+status,2+status,0]
   806                           
   807                           
   808                           ;oscConfig.c: 58:     LATA &= ~(7 << 0);
   809  07DC  30F8               	movlw	248
   810  07DD  00F0               	movwf	??_LED_cout
   811  07DE  0870               	movf	??_LED_cout,w
   812  07DF  0022               	movlb	2	; select bank2
   813  07E0  058C               	andwf	12,f	;volatile
   814  07E1                     l691:
   815                           
   816                           ;oscConfig.c: 59:     unsigned char i = 0;
   817  07E1  01F2               	clrf	LED_cout@i
   818                           
   819                           ;oscConfig.c: 60:     while( i < 8 ){
   820  07E2  2FF6               	goto	l699
   821  07E3                     l693:
   822                           
   823                           ;oscConfig.c: 61:         LATA = (i++);
   824  07E3  0872               	movf	LED_cout@i,w
   825  07E4  0022               	movlb	2	; select bank2
   826  07E5  008C               	movwf	12	;volatile
   827  07E6                     l695:
   828  07E6  3001               	movlw	1
   829  07E7  00F0               	movwf	??_LED_cout
   830  07E8  0870               	movf	??_LED_cout,w
   831  07E9  07F2               	addwf	LED_cout@i,f
   832  07EA                     l697:
   833                           
   834                           ;oscConfig.c: 62:         _delay((unsigned long)((1000)*(32000000/4000.0)));
   835  07EA  3029               	movlw	41
   836  07EB  00F1               	movwf	??_LED_cout+1
   837  07EC  3096               	movlw	150
   838  07ED  00F0               	movwf	??_LED_cout
   839  07EE  307F               	movlw	127
   840  07EF                     u57:
   841  07EF  0B89               	decfsz	9,f
   842  07F0  2FEF               	goto	u57
   843  07F1  0BF0               	decfsz	??_LED_cout,f
   844  07F2  2FEF               	goto	u57
   845  07F3  0BF1               	decfsz	??_LED_cout+1,f
   846  07F4  2FEF               	goto	u57
   847  07F5  0000               	nop
   848  07F6                     l699:
   849                           
   850                           ;oscConfig.c: 60:     while( i < 8 ){
   851  07F6  3008               	movlw	8
   852  07F7  0272               	subwf	LED_cout@i,w
   853  07F8  1C03               	skipc
   854  07F9  2FFB               	goto	u21
   855  07FA  2FFC               	goto	u20
   856  07FB                     u21:
   857  07FB  2FE3               	goto	l693
   858  07FC                     u20:
   859  07FC                     l63:
   860  07FC  0008               	return
   861  07FD                     __end_of_LED_cout:
   862  007E                     btemp	set	126	;btemp
   863  007E                     wtemp0	set	126
   864                           
   865                           	psect	config
   866                           
   867                           ;Config register CONFIG1 @ 0x8007
   868                           ;	Oscillator Selection
   869                           ;	FOSC = INTOSC, INTOSC oscillator: I/O function on CLKIN pin
   870                           ;	Watchdog Timer Enable
   871                           ;	WDTE = OFF, WDT disabled
   872                           ;	Power-up Timer Enable
   873                           ;	PWRTE = OFF, PWRT disabled
   874                           ;	MCLR Pin Function Select
   875                           ;	MCLRE = ON, MCLR/VPP pin function is MCLR
   876                           ;	Flash Program Memory Code Protection
   877                           ;	CP = OFF, Program memory code protection is disabled
   878                           ;	Data Memory Code Protection
   879                           ;	CPD = OFF, Data memory code protection is disabled
   880                           ;	Brown-out Reset Enable
   881                           ;	BOREN = ON, Brown-out Reset enabled
   882                           ;	Clock Out Enable
   883                           ;	CLKOUTEN = OFF, CLKOUT function is disabled. I/O or oscillator function on the CLKOUT 
      +                          pin
   884                           ;	Internal/External Switchover
   885                           ;	IESO = ON, Internal/External Switchover mode is enabled
   886                           ;	Fail-Safe Clock Monitor Enable
   887                           ;	FCMEN = ON, Fail-Safe Clock Monitor is enabled
   888  8007                     	org	32775
   889  8007  3FE4               	dw	16356
   890                           
   891                           ;Config register CONFIG2 @ 0x8008
   892                           ;	Flash Memory Self-Write Protection
   893                           ;	WRT = OFF, Write protection off
   894                           ;	PLL Enable
   895                           ;	PLLEN = ON, 4x PLL enabled
   896                           ;	Stack Overflow/Underflow Reset Enable
   897                           ;	STVREN = ON, Stack Overflow or Underflow will cause a Reset
   898                           ;	Brown-out Reset Voltage Selection
   899                           ;	BORV = LO, Brown-out Reset Voltage (Vbor), low trip point selected.
   900                           ;	Low-Voltage Programming Enable
   901                           ;	LVP = OFF, High-voltage on MCLR/VPP must be used for programming
   902  8008                     	org	32776
   903  8008  1FFF               	dw	8191

Data Sizes:
    Strings     0
    Constant    0
    Data        0
    BSS         0
    Persistent  32
    Stack       0

Auto Spaces:
    Space          Size  Autos    Used
    COMMON           14      3       3
    BANK0            80      0       0
    BANK1            80      0       0
    BANK2            80      0       0

Pointer List with Targets:

    None.

Critical Paths under _main in COMMON

    _main->_LED_cout

Critical Paths under _main in BANK0

    None.

Critical Paths under _main in BANK1

    None.

Critical Paths under _main in BANK2

    None.

Call Graph Tables:

 ---------------------------------------------------------------------------------
 (Depth) Function   	        Calls       Base Space   Used Autos Params    Refs
 ---------------------------------------------------------------------------------
 (0) _main                                                 0     0      0      30
                           _LED_cout
                           _OSC_INIT
                           _PIN_CONF
 ---------------------------------------------------------------------------------
 (1) _PIN_CONF                                             1     1      0       0
                                              0 COMMON     1     1      0
 ---------------------------------------------------------------------------------
 (1) _OSC_INIT                                             1     1      0       0
                                              0 COMMON     1     1      0
 ---------------------------------------------------------------------------------
 (1) _LED_cout                                             3     3      0      30
                                              0 COMMON     3     3      0
 ---------------------------------------------------------------------------------
 Estimated maximum stack depth 1
 ---------------------------------------------------------------------------------

 Call Graph Graphs:

 _main (ROOT)
   _LED_cout
   _OSC_INIT
   _PIN_CONF

 Address spaces:
Name               Size   Autos  Total    Cost      Usage
BIGRAM              F0      0       0       0        0.0%
EEDATA             100      0       0       0        0.0%
NULL                 0      0       0       0        0.0%
CODE                 0      0       0       0        0.0%
BITCOMMON            E      0       0       1        0.0%
BITSFR0              0      0       0       1        0.0%
SFR0                 0      0       0       1        0.0%
COMMON               E      3       3       2       21.4%
BITSFR1              0      0       0       2        0.0%
SFR1                 0      0       0       2        0.0%
BITSFR2              0      0       0       3        0.0%
SFR2                 0      0       0       3        0.0%
STACK                0      0       0       3        0.0%
BITSFR3              0      0       0       4        0.0%
SFR3                 0      0       0       4        0.0%
ABS                  0      0       0       4        0.0%
BITBANK0            50      0       0       5        0.0%
BITSFR4              0      0       0       5        0.0%
SFR4                 0      0       0       5        0.0%
BANK0               50      0       0       6        0.0%
BITSFR5              0      0       0       6        0.0%
SFR5                 0      0       0       6        0.0%
BITBANK1            50      0       0       7        0.0%
BITSFR6              0      0       0       7        0.0%
SFR6                 0      0       0       7        0.0%
BANK1               50      0       0       8        0.0%
BITSFR7              0      0       0       8        0.0%
SFR7                 0      0       0       8        0.0%
BITBANK2            50      0       0       9        0.0%
BITSFR8              0      0       0       9        0.0%
SFR8                 0      0       0       9        0.0%
BANK2               50      0       0      10        0.0%
BITSFR9              0      0       0      10        0.0%
SFR9                 0      0       0      10        0.0%
BITSFR10             0      0       0      11        0.0%
SFR10                0      0       0      11        0.0%
DATA                 0      0       0      11        0.0%
BITSFR11             0      0       0      12        0.0%
SFR11                0      0       0      12        0.0%
BITSFR12             0      0       0      13        0.0%
SFR12                0      0       0      13        0.0%
BITSFR13             0      0       0      14        0.0%
SFR13                0      0       0      14        0.0%
BITSFR14             0      0       0      15        0.0%
SFR14                0      0       0      15        0.0%
BITSFR15             0      0       0      16        0.0%
SFR15                0      0       0      16        0.0%
BITSFR16             0      0       0      17        0.0%
SFR16                0      0       0      17        0.0%
BITSFR17             0      0       0      18        0.0%
SFR17                0      0       0      18        0.0%
BITSFR18             0      0       0      19        0.0%
SFR18                0      0       0      19        0.0%
BITSFR19             0      0       0      20        0.0%
SFR19                0      0       0      20        0.0%
BITSFR20             0      0       0      21        0.0%
SFR20                0      0       0      21        0.0%
BITSFR21             0      0       0      22        0.0%
SFR21                0      0       0      22        0.0%
BITSFR22             0      0       0      23        0.0%
SFR22                0      0       0      23        0.0%
BITSFR23             0      0       0      24        0.0%
SFR23                0      0       0      24        0.0%
BITSFR24             0      0       0      25        0.0%
SFR24                0      0       0      25        0.0%
BITSFR25             0      0       0      26        0.0%
SFR25                0      0       0      26        0.0%
BITSFR26             0      0       0      27        0.0%
SFR26                0      0       0      27        0.0%
BITSFR27             0      0       0      28        0.0%
SFR27                0      0       0      28        0.0%
BITSFR28             0      0       0      29        0.0%
SFR28                0      0       0      29        0.0%
BITSFR29             0      0       0      30        0.0%
SFR29                0      0       0      30        0.0%
BITSFR30             0      0       0      31        0.0%
SFR30                0      0       0      31        0.0%
BITSFR31             0      0       0      32        0.0%
SFR31                0      0       0      32        0.0%


Microchip Technology PIC Macro Assembler V2.32 build 20210201212658 
Symbol Table                                                                                   Sat Nov 13 15:40:33 2021

                     l11 07B0                       l43 07BF                       l52 07DB  
                     l46 07C4                       l63 07FC                       u10 07C4  
                     u11 07C3                       u20 07FC                       u21 07FB  
                     u57 07EF                      l701 07AA                      l671 07B6  
                    l673 07B8                      l681 07D4                      l691 07E1  
                    l675 07BC                      l683 07D6                      l693 07E3  
                    l677 07BD                      l685 07D8                      l695 07E6  
                    l687 07DA                      l679 07C5                      l697 07EA  
                    l689 07DC                      l699 07F6                      wreg 0009  
                   _LATA 010C                     _WPUA 020C                     _main 07AA  
                   btemp 007E                     start 0002         __end_of_LED_cout 07FD  
                  ?_main 0070                    _TRISA 008C         __end_of_PIN_CONF 07DC  
       __end_of_OSC_INIT 07C5                    wtemp0 007E          __initialization 07FD  
           __end_of_main 07B6                   ??_main 0073                   _ANSELA 018C  
                 _BORCON 0116                   _OSCCON 0099                   _WDTCON 0097  
__end_of__initialization 07FD                ?_LED_cout 0070                ?_PIN_CONF 0070  
         __pcstackCOMMON 0070                ?_OSC_INIT 0070                LED_cout@i 0072  
         _OPTION_REGbits 0095               ??_LED_cout 0070               __pmaintext 07AA  
             ??_PIN_CONF 0070               ??_OSC_INIT 0070                  _APFCON0 011D  
                _APFCON1 011E                  _OSCTUNE 0098                  __ptext1 07C5  
                __ptext2 07B6                  __ptext3 07DC     end_of_initialization 07FD  
      __size_of_LED_cout 0021        __size_of_PIN_CONF 0017        __size_of_OSC_INIT 000F  
    start_initialization 07FD                ___latbits 0001                 _LED_cout 07DC  
               _PIN_CONF 07C5                 _OSC_INIT 07B6            __size_of_main 000C  
            _OSCSTATbits 009A  
